[debug] [2023-12-15T09:40:02.268Z] ----------------------------------------------------------------------
[debug] [2023-12-15T09:40:02.272Z] Command:       C:\Program Files\nodejs\node.exe C:\Users\Pratham\AppData\Roaming\npm\node_modules\firebase-tools\lib\bin\firebase.js init
[debug] [2023-12-15T09:40:02.272Z] CLI Version:   13.0.2
[debug] [2023-12-15T09:40:02.273Z] Platform:      win32
[debug] [2023-12-15T09:40:02.273Z] Node Version:  v20.10.0
[debug] [2023-12-15T09:40:02.273Z] Time:          Fri Dec 15 2023 15:10:02 GMT+0530 (India Standard Time)
[debug] [2023-12-15T09:40:02.273Z] ----------------------------------------------------------------------
[debug] 
[debug] [2023-12-15T09:40:02.500Z] > command requires scopes: ["email","openid","https://www.googleapis.com/auth/cloudplatformprojects.readonly","https://www.googleapis.com/auth/firebase","https://www.googleapis.com/auth/cloud-platform"]
[debug] [2023-12-15T09:40:02.501Z] > authorizing via signed-in user (prathammatkar2506@gmail.com)
[info] 
     ######## #### ########  ######## ########     ###     ######  ########
     ##        ##  ##     ## ##       ##     ##  ##   ##  ##       ##
     ######    ##  ########  ######   ########  #########  ######  ######
     ##        ##  ##    ##  ##       ##     ## ##     ##       ## ##
     ##       #### ##     ## ######## ########  ##     ##  ######  ########

You're about to initialize a Firebase project in this directory:

  D:\Pratham\NEXT JS\nextapp

Before we get started, keep in mind:

  * You are initializing within an existing Firebase project directory

[info] 
=== Project Setup
[info] 
[info] First, let's associate this project directory with a Firebase project.
[info] You can create multiple project aliases by running firebase use --add, 
[info] but for now we'll just set up a default project.
[info] 
[debug] [2023-12-15T09:40:07.421Z] Using project from CLI flag: nextproject-23c80
[debug] [2023-12-15T09:40:07.425Z] >>> [apiv2][query] GET https://firebase.googleapis.com/v1beta1/projects/nextproject-23c80 [none]
[debug] [2023-12-15T09:40:08.053Z] <<< [apiv2][status] GET https://firebase.googleapis.com/v1beta1/projects/nextproject-23c80 403
[debug] [2023-12-15T09:40:08.054Z] <<< [apiv2][body] GET https://firebase.googleapis.com/v1beta1/projects/nextproject-23c80 {"error":{"code":403,"message":"The caller does not have permission","status":"PERMISSION_DENIED"}}
[debug] [2023-12-15T09:40:08.055Z] HTTP Error: 403, The caller does not have permission
[debug] [2023-12-15T09:40:08.214Z] FirebaseError: HTTP Error: 403, The caller does not have permission
    at responseToError (C:\Users\Pratham\AppData\Roaming\npm\node_modules\firebase-tools\lib\responseToError.js:49:12)
    at RetryOperation._fn (C:\Users\Pratham\AppData\Roaming\npm\node_modules\firebase-tools\lib\apiv2.js:292:77)
    at process.processTicksAndRejections (node:internal/process/task_queues:95:5)
[error] 
[error] Error: Failed to get Firebase project nextproject-23c80. Please make sure the project exists and your account has permission to access it.
